android/app/build/intermediates/manifest_merge_blame_file/debug/processDebugMainManifest/manifest-merger-blame-debug-report.txt
1<?xml version="1.0" encoding="utf-8"?>
2<!--
3  debug 变体专用 Manifest（仅参与 debug 构建，release 不受影响）。
4
5  为什么需要它：
6  build.gradle 里 debug 的 API_BASE_URL 是 http://39.106.113.189:8082，
7  而 targetSdk 34 起 Android 默认禁止明文 HTTP（usesCleartextTraffic=false）。
8  不声明的话 debug 包一上来就会抛
9  "Cleartext HTTP traffic to 39.106.113.189 not permitted"，
10  导致设备注册、埋点上报、广告配置拉取全部失败 —— 测试环境等于不可用。
11
12  为什么只在 debug：
13  release 的 API_BASE_URL 是 https://api.batteryhd.pro，本就不需要明文；
14  把 cleartext 放行写进 main 会让正式包也允许明文流量，属于实质性安全退让。
15  sourceSet 隔离能保证这个口子只开在开发包上。
16-->
17<manifest xmlns:android="http://schemas.android.com/apk/res/android"
18    package="com.batteryhd.app.debug"
19    android:versionCode="1"
20    android:versionName="1.0.0-debug" >
21
22    <uses-sdk
23        android:minSdkVersion="26"
24        android:targetSdkVersion="34" />
25
26    <!-- 网络：埋点上报与广告（PRD 10.7 说明均已包含，无新增权限） -->
27    <uses-permission android:name="android.permission.INTERNET" />
27-->src/main/AndroidManifest.xml:6:5-67
27-->src/main/AndroidManifest.xml:6:22-64
28    <uses-permission android:name="android.permission.ACCESS_NETWORK_STATE" /> <!-- Android 13+ 通知运行时权限：充电限值/温度告警/周报提醒 -->
28-->src/main/AndroidManifest.xml:7:5-79
28-->src/main/AndroidManifest.xml:7:22-76
29    <uses-permission android:name="android.permission.POST_NOTIFICATIONS" /> <!-- 功耗分析的应用耗电排行（需引导用户到系统设置授予） -->
29-->src/main/AndroidManifest.xml:10:5-77
29-->src/main/AndroidManifest.xml:10:22-74
30    <uses-permission android:name="android.permission.PACKAGE_USAGE_STATS" /> <!-- 充电状态变化：充电会话埋点（PRD 10.2 P0：平均充电时长的唯一来源） -->
30-->src/main/AndroidManifest.xml:13:5-15:47
30-->src/main/AndroidManifest.xml:14:9-62
31    <uses-permission android:name="android.permission.RECEIVE_BOOT_COMPLETED" />
31-->src/main/AndroidManifest.xml:18:5-81
31-->src/main/AndroidManifest.xml:18:22-78
32    <uses-permission android:name="com.android.vending.BILLING" />
32-->[com.android.billingclient:billing-ktx:7.1.1] AndroidManifest.xml:9:5-67
32-->[com.android.billingclient:billing-ktx:7.1.1] AndroidManifest.xml:9:22-64
33
34    <queries>
34-->[com.android.billingclient:billing:7.1.1] AndroidManifest.xml:12:5-19:15
35        <intent>
35-->[com.android.billingclient:billing:7.1.1] AndroidManifest.xml:13:9-15:18
36            <action android:name="com.android.vending.billing.InAppBillingService.BIND" />
36-->[com.android.billingclient:billing:7.1.1] AndroidManifest.xml:14:13-91
36-->[com.android.billingclient:billing:7.1.1] AndroidManifest.xml:14:21-88
37        </intent>
38        <intent>
38-->[com.android.billingclient:billing:7.1.1] AndroidManifest.xml:16:9-18:18
39            <action android:name="com.google.android.apps.play.billingtestcompanion.BillingOverrideService.BIND" />
39-->[com.android.billingclient:billing:7.1.1] AndroidManifest.xml:17:13-116
39-->[com.android.billingclient:billing:7.1.1] AndroidManifest.xml:17:21-113
40        </intent>
41        <!-- For browser content -->
42        <intent>
42-->[com.google.android.gms:play-services-ads-lite:23.6.0] AndroidManifest.xml:38:9-44:18
43            <action android:name="android.intent.action.VIEW" />
43-->[com.google.android.gms:play-services-ads-lite:23.6.0] AndroidManifest.xml:39:13-65
43-->[com.google.android.gms:play-services-ads-lite:23.6.0] AndroidManifest.xml:39:21-62
44
45            <category android:name="android.intent.category.BROWSABLE" />
45-->[com.google.android.gms:play-services-ads-lite:23.6.0] AndroidManifest.xml:41:13-74
45-->[com.google.android.gms:play-services-ads-lite:23.6.0] AndroidManifest.xml:41:23-71
46
47            <data android:scheme="https" />
47-->[com.google.android.gms:play-services-ads-lite:23.6.0] AndroidManifest.xml:43:13-44
47-->[com.google.android.gms:play-services-ads-lite:23.6.0] AndroidManifest.xml:43:19-41
48        </intent> <!-- End of browser content -->
49        <!-- For CustomTabsService -->
50        <intent>
50-->[com.google.android.gms:play-services-ads-lite:23.6.0] AndroidManifest.xml:47:9-49:18
51            <action android:name="android.support.customtabs.action.CustomTabsService" />
51-->[com.google.android.gms:play-services-ads-lite:23.6.0] AndroidManifest.xml:48:13-90
51-->[com.google.android.gms:play-services-ads-lite:23.6.0] AndroidManifest.xml:48:21-87
52        </intent> <!-- End of CustomTabsService -->
53        <!-- For MRAID capabilities -->
54        <intent>
54-->[com.google.android.gms:play-services-ads-lite:23.6.0] AndroidManifest.xml:52:9-56:18
55            <action android:name="android.intent.action.INSERT" />
55-->[com.google.android.gms:play-services-ads-lite:23.6.0] AndroidManifest.xml:53:13-67
55-->[com.google.android.gms:play-services-ads-lite:23.6.0] AndroidManifest.xml:53:21-64
56
57            <data android:mimeType="vnd.android.cursor.dir/event" />
57-->[com.google.android.gms:play-services-ads-lite:23.6.0] AndroidManifest.xml:43:13-44
58        </intent>
59        <intent>
59-->[com.google.android.gms:play-services-ads-lite:23.6.0] AndroidManifest.xml:57:9-61:18
60            <action android:name="android.intent.action.VIEW" />
60-->[com.google.android.gms:play-services-ads-lite:23.6.0] AndroidManifest.xml:39:13-65
60-->[com.google.android.gms:play-services-ads-lite:23.6.0] AndroidManifest.xml:39:21-62
61
62            <data android:scheme="sms" />
62-->[com.google.android.gms:play-services-ads-lite:23.6.0] AndroidManifest.xml:43:13-44
62-->[com.google.android.gms:play-services-ads-lite:23.6.0] AndroidManifest.xml:43:19-41
63        </intent>
64        <intent>
64-->[com.google.android.gms:play-services-ads-lite:23.6.0] AndroidManifest.xml:62:9-66:18
65            <action android:name="android.intent.action.DIAL" />
65-->[com.google.android.gms:play-services-ads-lite:23.6.0] AndroidManifest.xml:63:13-65
65-->[com.google.android.gms:play-services-ads-lite:23.6.0] AndroidManifest.xml:63:21-62
66
67            <data android:path="tel:" />
67-->[com.google.android.gms:play-services-ads-lite:23.6.0] AndroidManifest.xml:43:13-44
68        </intent>
69    </queries>
70
71    <uses-permission android:name="com.google.android.gms.permission.AD_ID" />
71-->[com.google.android.gms:play-services-ads-lite:23.6.0] AndroidManifest.xml:26:5-79
71-->[com.google.android.gms:play-services-ads-lite:23.6.0] AndroidManifest.xml:26:22-76
72    <uses-permission android:name="android.permission.ACCESS_ADSERVICES_AD_ID" />
72-->[com.google.android.gms:play-services-ads-lite:23.6.0] AndroidManifest.xml:27:5-82
72-->[com.google.android.gms:play-services-ads-lite:23.6.0] AndroidManifest.xml:27:22-79
73    <uses-permission android:name="android.permission.ACCESS_ADSERVICES_ATTRIBUTION" />
73-->[com.google.android.gms:play-services-ads-lite:23.6.0] AndroidManifest.xml:28:5-88
73-->[com.google.android.gms:play-services-ads-lite:23.6.0] AndroidManifest.xml:28:22-85
74    <uses-permission android:name="android.permission.ACCESS_ADSERVICES_TOPICS" />
74-->[com.google.android.gms:play-services-ads-lite:23.6.0] AndroidManifest.xml:29:5-83
74-->[com.google.android.gms:play-services-ads-lite:23.6.0] AndroidManifest.xml:29:22-80
75    <uses-permission android:name="android.permission.WAKE_LOCK" />
75-->[com.google.android.gms:play-services-measurement-sdk-api:20.1.2] AndroidManifest.xml:25:5-68
75-->[com.google.android.gms:play-services-measurement-sdk-api:20.1.2] AndroidManifest.xml:25:22-65
76    <uses-permission android:name="android.permission.FOREGROUND_SERVICE" />
76-->[androidx.work:work-runtime:2.7.0] AndroidManifest.xml:28:5-77
76-->[androidx.work:work-runtime:2.7.0] AndroidManifest.xml:28:22-74
77
78    <permission
78-->[androidx.core:core:1.13.1] AndroidManifest.xml:22:5-24:47
79        android:name="com.batteryhd.app.debug.DYNAMIC_RECEIVER_NOT_EXPORTED_PERMISSION"
79-->[androidx.core:core:1.13.1] AndroidManifest.xml:23:9-81
80        android:protectionLevel="signature" />
80-->[androidx.core:core:1.13.1] AndroidManifest.xml:24:9-44
81
82    <uses-permission android:name="com.batteryhd.app.debug.DYNAMIC_RECEIVER_NOT_EXPORTED_PERMISSION" />
82-->[androidx.core:core:1.13.1] AndroidManifest.xml:26:5-97
82-->[androidx.core:core:1.13.1] AndroidManifest.xml:26:22-94
83
84    <application
84-->src/main/AndroidManifest.xml:20:5-78:19
85        android:name="com.batteryhd.app.BatteryHdApp"
85-->src/main/AndroidManifest.xml:21:9-37
86        android:allowBackup="false"
86-->src/main/AndroidManifest.xml:22:9-36
87        android:appComponentFactory="androidx.core.app.CoreComponentFactory"
87-->[androidx.core:core:1.13.1] AndroidManifest.xml:28:18-86
88        android:debuggable="true"
89        android:extractNativeLibs="false"
90        android:icon="@mipmap/ic_launcher"
90-->src/main/AndroidManifest.xml:23:9-43
91        android:label="@string/app_name"
91-->src/main/AndroidManifest.xml:24:9-41
92        android:networkSecurityConfig="@xml/network_security_config"
92-->src/debug/AndroidManifest.xml:19:18-78
93        android:roundIcon="@mipmap/ic_launcher"
93-->src/main/AndroidManifest.xml:25:9-48
94        android:supportsRtl="true"
94-->src/main/AndroidManifest.xml:26:9-35
95        android:theme="@style/Theme.BatteryHD" >
95-->src/main/AndroidManifest.xml:27:9-47
96        <!--
97 ─────────────────────────────────────────────────────────────
98             AdMob App ID。
99             这里填的是 **测试 ID**，仅用于工程可编译与开发期验证。
100             正式包必须在 build.gradle 里按 flavor 注入真实 App ID；
101             缺失或错误会导致 AdMob 初始化失败且不展示任何广告。
102             ─────────────────────────────────────────────────────────────
103        -->
104        <meta-data
104-->src/main/AndroidManifest.xml:36:9-38:70
105            android:name="com.google.android.gms.ads.APPLICATION_ID"
105-->src/main/AndroidManifest.xml:37:13-69
106            android:value="ca-app-pub-3940256099942544~3347511713" />
106-->src/main/AndroidManifest.xml:38:13-67
107        <!--
108 隐私同意：必须是 launcher。
109             PRD 10.6.2 / 10.3 要求「先取得同意再初始化埋点」，
110             若把主界面设为 launcher，启动瞬间就会采集数据，等同未获同意即收集。
111        -->
112        <activity
112-->src/main/AndroidManifest.xml:43:9-51:20
113            android:name="com.batteryhd.app.ui.ConsentActivity"
113-->src/main/AndroidManifest.xml:44:13-47
114            android:exported="true"
114-->src/main/AndroidManifest.xml:45:13-36
115            android:screenOrientation="portrait" >
115-->src/main/AndroidManifest.xml:46:13-49
116            <intent-filter>
116-->src/main/AndroidManifest.xml:47:13-50:29
117                <action android:name="android.intent.action.MAIN" />
117-->src/main/AndroidManifest.xml:48:17-69
117-->src/main/AndroidManifest.xml:48:25-66
118
119                <category android:name="android.intent.category.LAUNCHER" />
119-->src/main/AndroidManifest.xml:49:17-77
119-->src/main/AndroidManifest.xml:49:27-74
120            </intent-filter>
121        </activity>
122        <activity
122-->src/main/AndroidManifest.xml:53:9-57:58
123            android:name="com.batteryhd.app.ui.MainActivity"
123-->src/main/AndroidManifest.xml:54:13-44
124            android:exported="false"
124-->src/main/AndroidManifest.xml:55:13-37
125            android:screenOrientation="portrait"
125-->src/main/AndroidManifest.xml:56:13-49
126            android:windowSoftInputMode="adjustResize" />
126-->src/main/AndroidManifest.xml:57:13-55
127        <activity
127-->src/main/AndroidManifest.xml:59:9-63:52
128            android:name="com.batteryhd.app.ui.ProActivity"
128-->src/main/AndroidManifest.xml:60:13-43
129            android:exported="false"
129-->src/main/AndroidManifest.xml:61:13-37
130            android:label="@string/title_pro"
130-->src/main/AndroidManifest.xml:62:13-46
131            android:screenOrientation="portrait" />
131-->src/main/AndroidManifest.xml:63:13-49
132        <!--
133 充电状态广播：Android 8+ 隐式广播豁免列表不含 ACTION_POWER_CONNECTED，
134             因此不在 manifest 静态注册，改由 ChargeSessionTracker 在进程内动态注册。
135             此处仅保留可显式触发的开机广播，用于补报未结束的充电会话。
136        -->
137        <receiver
137-->src/main/AndroidManifest.xml:68:9-76:20
138            android:name="com.batteryhd.app.battery.BootReceiver"
138-->src/main/AndroidManifest.xml:69:13-49
139            android:enabled="true"
139-->src/main/AndroidManifest.xml:70:13-35
140            android:exported="true" >
140-->src/main/AndroidManifest.xml:71:13-36
141            <intent-filter>
141-->src/main/AndroidManifest.xml:72:13-75:29
142                <action android:name="android.intent.action.BOOT_COMPLETED" />
142-->src/main/AndroidManifest.xml:73:17-79
142-->src/main/AndroidManifest.xml:73:25-76
143                <action android:name="android.intent.action.MY_PACKAGE_REPLACED" />
143-->src/main/AndroidManifest.xml:74:17-84
143-->src/main/AndroidManifest.xml:74:25-81
144            </intent-filter>
145        </receiver>
146
147        <meta-data
147-->[com.android.billingclient:billing:7.1.1] AndroidManifest.xml:22:9-24:37
148            android:name="com.google.android.play.billingclient.version"
148-->[com.android.billingclient:billing:7.1.1] AndroidManifest.xml:23:13-73
149            android:value="7.1.1" />
149-->[com.android.billingclient:billing:7.1.1] AndroidManifest.xml:24:13-34
150
151        <activity
151-->[com.android.billingclient:billing:7.1.1] AndroidManifest.xml:26:9-30:75
152            android:name="com.android.billingclient.api.ProxyBillingActivity"
152-->[com.android.billingclient:billing:7.1.1] AndroidManifest.xml:27:13-78
153            android:configChanges="keyboard|keyboardHidden|screenLayout|screenSize|orientation"
153-->[com.android.billingclient:billing:7.1.1] AndroidManifest.xml:28:13-96
154            android:exported="false"
154-->[com.android.billingclient:billing:7.1.1] AndroidManifest.xml:29:13-37
155            android:theme="@android:style/Theme.Translucent.NoTitleBar" />
155-->[com.android.billingclient:billing:7.1.1] AndroidManifest.xml:30:13-72
156        <activity
156-->[com.android.billingclient:billing:7.1.1] AndroidManifest.xml:31:9-35:75
157            android:name="com.android.billingclient.api.ProxyBillingActivityV2"
157-->[com.android.billingclient:billing:7.1.1] AndroidManifest.xml:32:13-80
158            android:configChanges="keyboard|keyboardHidden|screenLayout|screenSize|orientation"
158-->[com.android.billingclient:billing:7.1.1] AndroidManifest.xml:33:13-96
159            android:exported="false"
159-->[com.android.billingclient:billing:7.1.1] AndroidManifest.xml:34:13-37
160            android:theme="@android:style/Theme.Translucent.NoTitleBar" /> <!-- Include the AdActivity and InAppPurchaseActivity configChanges and themes. -->
160-->[com.android.billingclient:billing:7.1.1] AndroidManifest.xml:35:13-72
161        <activity
161-->[com.google.android.gms:play-services-ads-lite:23.6.0] AndroidManifest.xml:73:9-78:43
162            android:name="com.google.android.gms.ads.AdActivity"
162-->[com.google.android.gms:play-services-ads-lite:23.6.0] AndroidManifest.xml:74:13-65
163            android:configChanges="keyboard|keyboardHidden|orientation|screenLayout|uiMode|screenSize|smallestScreenSize"
163-->[com.google.android.gms:play-services-ads-lite:23.6.0] AndroidManifest.xml:75:13-122
164            android:exported="false"
164-->[com.google.android.gms:play-services-ads-lite:23.6.0] AndroidManifest.xml:76:13-37
165            android:theme="@android:style/Theme.Translucent" />
165-->[com.google.android.gms:play-services-ads-lite:23.6.0] AndroidManifest.xml:77:13-61
166
167        <provider
167-->[com.google.android.gms:play-services-ads-lite:23.6.0] AndroidManifest.xml:80:9-85:43
168            android:name="com.google.android.gms.ads.MobileAdsInitProvider"
168-->[com.google.android.gms:play-services-ads-lite:23.6.0] AndroidManifest.xml:81:13-76
169            android:authorities="com.batteryhd.app.debug.mobileadsinitprovider"
169-->[com.google.android.gms:play-services-ads-lite:23.6.0] AndroidManifest.xml:82:13-73
170            android:exported="false"
170-->[com.google.android.gms:play-services-ads-lite:23.6.0] AndroidManifest.xml:83:13-37
171            android:initOrder="100" />
171-->[com.google.android.gms:play-services-ads-lite:23.6.0] AndroidManifest.xml:84:13-36
172
173        <service
173-->[com.google.android.gms:play-services-ads-lite:23.6.0] AndroidManifest.xml:87:9-91:43
174            android:name="com.google.android.gms.ads.AdService"
174-->[com.google.android.gms:play-services-ads-lite:23.6.0] AndroidManifest.xml:88:13-64
175            android:enabled="true"
175-->[com.google.android.gms:play-services-ads-lite:23.6.0] AndroidManifest.xml:89:13-35
176            android:exported="false" />
176-->[com.google.android.gms:play-services-ads-lite:23.6.0] AndroidManifest.xml:90:13-37
177
178        <activity
178-->[com.google.android.gms:play-services-ads-lite:23.6.0] AndroidManifest.xml:93:9-97:43
179            android:name="com.google.android.gms.ads.OutOfContextTestingActivity"
179-->[com.google.android.gms:play-services-ads-lite:23.6.0] AndroidManifest.xml:94:13-82
180            android:configChanges="keyboard|keyboardHidden|orientation|screenLayout|uiMode|screenSize|smallestScreenSize"
180-->[com.google.android.gms:play-services-ads-lite:23.6.0] AndroidManifest.xml:95:13-122
181            android:exported="false" />
181-->[com.google.android.gms:play-services-ads-lite:23.6.0] AndroidManifest.xml:96:13-37
182        <activity
182-->[com.google.android.gms:play-services-ads-lite:23.6.0] AndroidManifest.xml:98:9-105:43
183            android:name="com.google.android.gms.ads.NotificationHandlerActivity"
183-->[com.google.android.gms:play-services-ads-lite:23.6.0] AndroidManifest.xml:99:13-82
184            android:excludeFromRecents="true"
184-->[com.google.android.gms:play-services-ads-lite:23.6.0] AndroidManifest.xml:100:13-46
185            android:exported="false"
185-->[com.google.android.gms:play-services-ads-lite:23.6.0] AndroidManifest.xml:101:13-37
186            android:launchMode="singleTask"
186-->[com.google.android.gms:play-services-ads-lite:23.6.0] AndroidManifest.xml:102:13-44
187            android:taskAffinity=""
187-->[com.google.android.gms:play-services-ads-lite:23.6.0] AndroidManifest.xml:103:13-36
188            android:theme="@android:style/Theme.Translucent.NoTitleBar" />
188-->[com.google.android.gms:play-services-ads-lite:23.6.0] AndroidManifest.xml:104:13-72
189
190        <property
190-->[com.google.android.gms:play-services-ads-lite:23.6.0] AndroidManifest.xml:107:9-109:62
191            android:name="android.adservices.AD_SERVICES_CONFIG"
191-->[com.google.android.gms:play-services-ads-lite:23.6.0] AndroidManifest.xml:108:13-65
192            android:resource="@xml/gma_ad_services_config" />
192-->[com.google.android.gms:play-services-ads-lite:23.6.0] AndroidManifest.xml:109:13-59
193
194        <activity
194-->[com.google.android.gms:play-services-base:18.5.0] AndroidManifest.xml:5:9-173
195            android:name="com.google.android.gms.common.api.GoogleApiActivity"
195-->[com.google.android.gms:play-services-base:18.5.0] AndroidManifest.xml:5:19-85
196            android:exported="false"
196-->[com.google.android.gms:play-services-base:18.5.0] AndroidManifest.xml:5:146-170
197            android:theme="@android:style/Theme.Translucent.NoTitleBar" />
197-->[com.google.android.gms:play-services-base:18.5.0] AndroidManifest.xml:5:86-145
198
199        <meta-data
199-->[com.google.android.gms:play-services-basement:18.4.0] AndroidManifest.xml:6:9-122
200            android:name="com.google.android.gms.version"
200-->[com.google.android.gms:play-services-basement:18.4.0] AndroidManifest.xml:6:20-65
201            android:value="@integer/google_play_services_version" />
201-->[com.google.android.gms:play-services-basement:18.4.0] AndroidManifest.xml:6:66-119
202
203        <provider
203-->[androidx.emoji2:emoji2:1.3.0] AndroidManifest.xml:24:9-32:20
204            android:name="androidx.startup.InitializationProvider"
204-->[androidx.emoji2:emoji2:1.3.0] AndroidManifest.xml:25:13-67
205            android:authorities="com.batteryhd.app.debug.androidx-startup"
205-->[androidx.emoji2:emoji2:1.3.0] AndroidManifest.xml:26:13-68
206            android:exported="false" >
206-->[androidx.emoji2:emoji2:1.3.0] AndroidManifest.xml:27:13-37
207            <meta-data
207-->[androidx.emoji2:emoji2:1.3.0] AndroidManifest.xml:29:13-31:52
208                android:name="androidx.emoji2.text.EmojiCompatInitializer"
208-->[androidx.emoji2:emoji2:1.3.0] AndroidManifest.xml:30:17-75
209                android:value="androidx.startup" />
209-->[androidx.emoji2:emoji2:1.3.0] AndroidManifest.xml:31:17-49
210            <meta-data
210-->[androidx.work:work-runtime:2.7.0] AndroidManifest.xml:36:13-38:52
211                android:name="androidx.work.WorkManagerInitializer"
211-->[androidx.work:work-runtime:2.7.0] AndroidManifest.xml:37:17-68
212                android:value="androidx.startup" />
212-->[androidx.work:work-runtime:2.7.0] AndroidManifest.xml:38:17-49
213            <meta-data
213-->[androidx.lifecycle:lifecycle-process:2.8.4] AndroidManifest.xml:29:13-31:52
214                android:name="androidx.lifecycle.ProcessLifecycleInitializer"
214-->[androidx.lifecycle:lifecycle-process:2.8.4] AndroidManifest.xml:30:17-78
215                android:value="androidx.startup" />
215-->[androidx.lifecycle:lifecycle-process:2.8.4] AndroidManifest.xml:31:17-49
216            <meta-data
216-->[androidx.profileinstaller:profileinstaller:1.4.0] AndroidManifest.xml:29:13-31:52
217                android:name="androidx.profileinstaller.ProfileInstallerInitializer"
217-->[androidx.profileinstaller:profileinstaller:1.4.0] AndroidManifest.xml:30:17-85
218                android:value="androidx.startup" />
218-->[androidx.profileinstaller:profileinstaller:1.4.0] AndroidManifest.xml:31:17-49
219        </provider>
220
221        <service
221-->[androidx.work:work-runtime:2.7.0] AndroidManifest.xml:41:9-46:35
222            android:name="androidx.work.impl.background.systemalarm.SystemAlarmService"
222-->[androidx.work:work-runtime:2.7.0] AndroidManifest.xml:42:13-88
223            android:directBootAware="false"
223-->[androidx.work:work-runtime:2.7.0] AndroidManifest.xml:43:13-44
224            android:enabled="@bool/enable_system_alarm_service_default"
224-->[androidx.work:work-runtime:2.7.0] AndroidManifest.xml:44:13-72
225            android:exported="false" />
225-->[androidx.work:work-runtime:2.7.0] AndroidManifest.xml:45:13-37
226        <service
226-->[androidx.work:work-runtime:2.7.0] AndroidManifest.xml:47:9-53:35
227            android:name="androidx.work.impl.background.systemjob.SystemJobService"
227-->[androidx.work:work-runtime:2.7.0] AndroidManifest.xml:48:13-84
228            android:directBootAware="false"
228-->[androidx.work:work-runtime:2.7.0] AndroidManifest.xml:49:13-44
229            android:enabled="@bool/enable_system_job_service_default"
229-->[androidx.work:work-runtime:2.7.0] AndroidManifest.xml:50:13-70
230            android:exported="true"
230-->[androidx.work:work-runtime:2.7.0] AndroidManifest.xml:51:13-36
231            android:permission="android.permission.BIND_JOB_SERVICE" />
231-->[androidx.work:work-runtime:2.7.0] AndroidManifest.xml:52:13-69
232        <service
232-->[androidx.work:work-runtime:2.7.0] AndroidManifest.xml:54:9-59:35
233            android:name="androidx.work.impl.foreground.SystemForegroundService"
233-->[androidx.work:work-runtime:2.7.0] AndroidManifest.xml:55:13-81
234            android:directBootAware="false"
234-->[androidx.work:work-runtime:2.7.0] AndroidManifest.xml:56:13-44
235            android:enabled="@bool/enable_system_foreground_service_default"
235-->[androidx.work:work-runtime:2.7.0] AndroidManifest.xml:57:13-77
236            android:exported="false" />
236-->[androidx.work:work-runtime:2.7.0] AndroidManifest.xml:58:13-37
237
238        <receiver
238-->[androidx.work:work-runtime:2.7.0] AndroidManifest.xml:61:9-66:35
239            android:name="androidx.work.impl.utils.ForceStopRunnable$BroadcastReceiver"
239-->[androidx.work:work-runtime:2.7.0] AndroidManifest.xml:62:13-88
240            android:directBootAware="false"
240-->[androidx.work:work-runtime:2.7.0] AndroidManifest.xml:63:13-44
241            android:enabled="true"
241-->[androidx.work:work-runtime:2.7.0] AndroidManifest.xml:64:13-35
242            android:exported="false" />
242-->[androidx.work:work-runtime:2.7.0] AndroidManifest.xml:65:13-37
243        <receiver
243-->[androidx.work:work-runtime:2.7.0] AndroidManifest.xml:67:9-77:20
244            android:name="androidx.work.impl.background.systemalarm.ConstraintProxy$BatteryChargingProxy"
244-->[androidx.work:work-runtime:2.7.0] AndroidManifest.xml:68:13-106
245            android:directBootAware="false"
245-->[androidx.work:work-runtime:2.7.0] AndroidManifest.xml:69:13-44
246            android:enabled="false"
246-->[androidx.work:work-runtime:2.7.0] AndroidManifest.xml:70:13-36
247            android:exported="false" >
247-->[androidx.work:work-runtime:2.7.0] AndroidManifest.xml:71:13-37
248            <intent-filter>
248-->[androidx.work:work-runtime:2.7.0] AndroidManifest.xml:73:13-76:29
249                <action android:name="android.intent.action.ACTION_POWER_CONNECTED" />
249-->[androidx.work:work-runtime:2.7.0] AndroidManifest.xml:74:17-87
249-->[androidx.work:work-runtime:2.7.0] AndroidManifest.xml:74:25-84
250                <action android:name="android.intent.action.ACTION_POWER_DISCONNECTED" />
250-->[androidx.work:work-runtime:2.7.0] AndroidManifest.xml:75:17-90
250-->[androidx.work:work-runtime:2.7.0] AndroidManifest.xml:75:25-87
251            </intent-filter>
252        </receiver>
253        <receiver
253-->[androidx.work:work-runtime:2.7.0] AndroidManifest.xml:78:9-88:20
254            android:name="androidx.work.impl.background.systemalarm.ConstraintProxy$BatteryNotLowProxy"
254-->[androidx.work:work-runtime:2.7.0] AndroidManifest.xml:79:13-104
255            android:directBootAware="false"
255-->[androidx.work:work-runtime:2.7.0] AndroidManifest.xml:80:13-44
256            android:enabled="false"
256-->[androidx.work:work-runtime:2.7.0] AndroidManifest.xml:81:13-36
257            android:exported="false" >
257-->[androidx.work:work-runtime:2.7.0] AndroidManifest.xml:82:13-37
258            <intent-filter>
258-->[androidx.work:work-runtime:2.7.0] AndroidManifest.xml:84:13-87:29
259                <action android:name="android.intent.action.BATTERY_OKAY" />
259-->[androidx.work:work-runtime:2.7.0] AndroidManifest.xml:85:17-77
259-->[androidx.work:work-runtime:2.7.0] AndroidManifest.xml:85:25-74
260                <action android:name="android.intent.action.BATTERY_LOW" />
260-->[androidx.work:work-runtime:2.7.0] AndroidManifest.xml:86:17-76
260-->[androidx.work:work-runtime:2.7.0] AndroidManifest.xml:86:25-73
261            </intent-filter>
262        </receiver>
263        <receiver
263-->[androidx.work:work-runtime:2.7.0] AndroidManifest.xml:89:9-99:20
264            android:name="androidx.work.impl.background.systemalarm.ConstraintProxy$StorageNotLowProxy"
264-->[androidx.work:work-runtime:2.7.0] AndroidManifest.xml:90:13-104
265            android:directBootAware="false"
265-->[androidx.work:work-runtime:2.7.0] AndroidManifest.xml:91:13-44
266            android:enabled="false"
266-->[androidx.work:work-runtime:2.7.0] AndroidManifest.xml:92:13-36
267            android:exported="false" >
267-->[androidx.work:work-runtime:2.7.0] AndroidManifest.xml:93:13-37
268            <intent-filter>
268-->[androidx.work:work-runtime:2.7.0] AndroidManifest.xml:95:13-98:29
269                <action android:name="android.intent.action.DEVICE_STORAGE_LOW" />
269-->[androidx.work:work-runtime:2.7.0] AndroidManifest.xml:96:17-83
269-->[androidx.work:work-runtime:2.7.0] AndroidManifest.xml:96:25-80
270                <action android:name="android.intent.action.DEVICE_STORAGE_OK" />
270-->[androidx.work:work-runtime:2.7.0] AndroidManifest.xml:97:17-82
270-->[androidx.work:work-runtime:2.7.0] AndroidManifest.xml:97:25-79
271            </intent-filter>
272        </receiver>
273        <receiver
273-->[androidx.work:work-runtime:2.7.0] AndroidManifest.xml:100:9-109:20
274            android:name="androidx.work.impl.background.systemalarm.ConstraintProxy$NetworkStateProxy"
274-->[androidx.work:work-runtime:2.7.0] AndroidManifest.xml:101:13-103
275            android:directBootAware="false"
275-->[androidx.work:work-runtime:2.7.0] AndroidManifest.xml:102:13-44
276            android:enabled="false"
276-->[androidx.work:work-runtime:2.7.0] AndroidManifest.xml:103:13-36
277            android:exported="false" >
277-->[androidx.work:work-runtime:2.7.0] AndroidManifest.xml:104:13-37
278            <intent-filter>
278-->[androidx.work:work-runtime:2.7.0] AndroidManifest.xml:106:13-108:29
279                <action android:name="android.net.conn.CONNECTIVITY_CHANGE" />
279-->[androidx.work:work-runtime:2.7.0] AndroidManifest.xml:107:17-79
279-->[androidx.work:work-runtime:2.7.0] AndroidManifest.xml:107:25-76
280            </intent-filter>
281        </receiver>
282        <receiver
282-->[androidx.work:work-runtime:2.7.0] AndroidManifest.xml:110:9-121:20
283            android:name="androidx.work.impl.background.systemalarm.RescheduleReceiver"
283-->[androidx.work:work-runtime:2.7.0] AndroidManifest.xml:111:13-88
284            android:directBootAware="false"
284-->[androidx.work:work-runtime:2.7.0] AndroidManifest.xml:112:13-44
285            android:enabled="false"
285-->[androidx.work:work-runtime:2.7.0] AndroidManifest.xml:113:13-36
286            android:exported="false" >
286-->[androidx.work:work-runtime:2.7.0] AndroidManifest.xml:114:13-37
287            <intent-filter>
287-->[androidx.work:work-runtime:2.7.0] AndroidManifest.xml:116:13-120:29
288                <action android:name="android.intent.action.BOOT_COMPLETED" />
288-->src/main/AndroidManifest.xml:73:17-79
288-->src/main/AndroidManifest.xml:73:25-76
289                <action android:name="android.intent.action.TIME_SET" />